<?xml version="1.0" encoding="UTF-8"?>
<testsuite name="JUnit Platform Suite" tests="0" skipped="0" failures="0" errors="0" time="0" hostname="shiqixuans-MacBook-Air.local" timestamp="2025-10-04T16:25:46">
<properties>
<property name="apple.awt.application.name" value="ConsoleLauncher"/>
<property name="file.encoding" value="UTF-8"/>
<property name="file.separator" value="/"/>
<property name="ftp.nonProxyHosts" value="127.0.0.1|192.168.0.0/16|*.192.168.0.0/16|10.0.0.0/8|*.10.0.0.0/8|172.16.0.0/12|*.172.16.0.0/12|172.29.0.0/16|*.172.29.0.0/16|localhost|*.localhost|local|*.local|crashlytics.com|*.crashlytics.com|&lt;local&gt;|*.&lt;local&gt;"/>
<property name="http.nonProxyHosts" value="127.0.0.1|192.168.0.0/16|*.192.168.0.0/16|10.0.0.0/8|*.10.0.0.0/8|172.16.0.0/12|*.172.16.0.0/12|172.29.0.0/16|*.172.29.0.0/16|localhost|*.localhost|local|*.local|crashlytics.com|*.crashlytics.com|&lt;local&gt;|*.&lt;local&gt;"/>
<property name="java.class.path" value="/Users/shiqixuan/Documents/dev/llm-test-case-recovery/new/tasks/steps/1-MVP/simple-math-parser/lib/junit-platform-console-standalone.jar"/>
<property name="java.class.version" value="65.0"/>
<property name="java.home" value="/opt/homebrew/Cellar/openjdk@21/21.0.7/libexec/openjdk.jdk/Contents/Home"/>
<property name="java.io.tmpdir" value="/var/folders/55/1ll2s_c15nz1vbqv9ypcngnm0000gn/T/"/>
<property name="java.library.path" value="/Users/shiqixuan/Library/Java/Extensions:/Library/Java/Extensions:/Network/Library/Java/Extensions:/System/Library/Java/Extensions:/usr/lib/java:."/>
<property name="java.runtime.name" value="OpenJDK Runtime Environment"/>
<property name="java.runtime.version" value="21.0.7"/>
<property name="java.specification.name" value="Java Platform API Specification"/>
<property name="java.specification.vendor" value="Oracle Corporation"/>
<property name="java.specification.version" value="21"/>
<property name="java.vendor" value="Homebrew"/>
<property name="java.vendor.url" value="https://github.com/Homebrew/homebrew-core/issues"/>
<property name="java.vendor.url.bug" value="https://github.com/Homebrew/homebrew-core/issues"/>
<property name="java.vendor.version" value="Homebrew"/>
<property name="java.version" value="21.0.7"/>
<property name="java.version.date" value="2025-04-15"/>
<property name="java.vm.compressedOopsMode" value="Zero based"/>
<property name="java.vm.info" value="mixed mode, sharing"/>
<property name="java.vm.name" value="OpenJDK 64-Bit Server VM"/>
<property name="java.vm.specification.name" value="Java Virtual Machine Specification"/>
<property name="java.vm.specification.vendor" value="Oracle Corporation"/>
<property name="java.vm.specification.version" value="21"/>
<property name="java.vm.vendor" value="Homebrew"/>
<property name="java.vm.version" value="21.0.7"/>
<property name="jdk.debug" value="release"/>
<property name="line.separator" value="
"/>
<property name="native.encoding" value="UTF-8"/>
<property name="os.arch" value="aarch64"/>
<property name="os.name" value="Mac OS X"/>
<property name="os.version" value="15.6"/>
<property name="path.separator" value=":"/>
<property name="socksNonProxyHosts" value="127.0.0.1|192.168.0.0/16|*.192.168.0.0/16|10.0.0.0/8|*.10.0.0.0/8|172.16.0.0/12|*.172.16.0.0/12|172.29.0.0/16|*.172.29.0.0/16|localhost|*.localhost|local|*.local|crashlytics.com|*.crashlytics.com|&lt;local&gt;|*.&lt;local&gt;"/>
<property name="stderr.encoding" value="UTF-8"/>
<property name="stdout.encoding" value="UTF-8"/>
<property name="sun.arch.data.model" value="64"/>
<property name="sun.boot.library.path" value="/opt/homebrew/Cellar/openjdk@21/21.0.7/libexec/openjdk.jdk/Contents/Home/lib"/>
<property name="sun.cpu.endian" value="little"/>
<property name="sun.io.unicode.encoding" value="UnicodeBig"/>
<property name="sun.java.command" value="/Users/shiqixuan/Documents/dev/llm-test-case-recovery/new/tasks/steps/1-MVP/simple-math-parser/lib/junit-platform-console-standalone.jar -cp /Users/shiqixuan/Documents/dev/llm-test-case-recovery/new/tasks/steps/1-MVP/simple-math-parser/out/sk-llmOut/cl/main:/Users/shiqixuan/Documents/dev/llm-test-case-recovery/new/tasks/steps/1-MVP/simple-math-parser/out/sk-llmOut/cl/test --scan-classpath --reports-dir /Users/shiqixuan/Documents/dev/llm-test-case-recovery/new/tasks/steps/1-MVP/simple-math-parser/out/sk-llmOut/cl/reports"/>
<property name="sun.java.launcher" value="SUN_STANDARD"/>
<property name="sun.jnu.encoding" value="UTF-8"/>
<property name="sun.management.compiler" value="HotSpot 64-Bit Tiered Compilers"/>
<property name="user.country" value="CN"/>
<property name="user.dir" value="/Users/shiqixuan/Documents/dev/llm-test-case-recovery/new/tasks/steps/1-MVP/simple-math-parser"/>
<property name="user.home" value="/Users/shiqixuan"/>
<property name="user.language" value="en"/>
<property name="user.name" value="shiqixuan"/>
<property name="user.timezone" value="Asia/Shanghai"/>
</properties>
<system-out><![CDATA[
unique-id: [engine:junit-platform-suite]
display-name: JUnit Platform Suite
]]></system-out>
</testsuite>
